2024-06-05 20:03:37,338 [INFO] Activator:176 - 


2024-06-05 20:03:37,343 [INFO] Activator:177 - !SESSION log4j initialized
2024-06-05 20:03:42,879 [INFO] LogOutputStream:77 - [STDOUT_REDIRECT] 
2024-06-05 20:03:45,250 [INFO] ApplicationProperties:184 - Using Application install path: C:\ST\STM32CubeIDE_1.15.1\STM32CubeIDE\plugins\com.st.stm32cube.common.mx_6.11.1.202404110753
2024-06-05 20:03:45,264 [INFO] DbMcusXml:78 - Set database path to: C:\ST\STM32CubeIDE_1.15.1\STM32CubeIDE\plugins\com.st.stm32cube.common.mx_6.11.1.202404110753\\db\/mcu/
2024-06-05 20:03:45,264 [INFO] ApiDb:274 - Set plugin database path to: C:\ST\STM32CubeIDE_1.15.1\STM32CubeIDE\plugins\com.st.stm32cube.common.mx_6.11.1.202404110753\\db\/plugins/boardmanager/
2024-06-05 20:03:45,265 [WARN] ApiDb:259 - Overriding images path with different value:  => C:\ST\STM32CubeIDE_1.15.1\STM32CubeIDE\plugins\com.st.stm32cube.common.mx_6.11.1.202404110753\\db\/plugins/mcufinder/images/
2024-06-05 20:03:45,271 [INFO] ApiDb:250 - Set database path to: C:\Users\DaehwanKim\.stmcufinder\plugins\mcufinder//mcu/
2024-06-05 20:03:45,272 [INFO] DbMcusAds:125 - Set database path to: C:\Users\DaehwanKim\.stmcufinder\plugins\mcufinder//mcu/
2024-06-05 20:03:45,273 [INFO] CrossReferenceDbSqlite:203 - Set database path to: C:\Users\DaehwanKim\.stmcufinder\plugins\mcufinder//mcu/cs/
2024-06-05 20:03:45,359 [INFO] RulesReader:64 - Compatibility file has been processed (297 Rules)
2024-06-05 20:03:45,434 [INFO] DbMcusXml:78 - Set database path to: C:\ST\STM32CubeIDE_1.15.1\STM32CubeIDE\plugins\com.st.stm32cube.common.mx_6.11.1.202404110753\\db\/mcu/
2024-06-05 20:03:45,434 [INFO] ApiDb:274 - Set plugin database path to: C:\ST\STM32CubeIDE_1.15.1\STM32CubeIDE\plugins\com.st.stm32cube.common.mx_6.11.1.202404110753\\db\/plugins/boardmanager/
2024-06-05 20:03:45,435 [INFO] ApiDb:261 - Set plugin images path to: C:\ST\STM32CubeIDE_1.15.1\STM32CubeIDE\plugins\com.st.stm32cube.common.mx_6.11.1.202404110753\\db\/plugins/mcufinder/images/
2024-06-05 20:03:45,435 [WARN] DbFile:41 - Overriding database path with different value: C:\Users\DaehwanKim\.stmcufinder\plugins\mcufinder/ => C:\Users\DaehwanKim\.stmcufinder\plugins\mcufinder
2024-06-05 20:03:45,435 [INFO] ApiDb:250 - Set database path to: C:\Users\DaehwanKim\.stmcufinder\plugins\mcufinder//mcu/
2024-06-05 20:03:45,435 [WARN] DbFile:41 - Overriding database path with different value: C:\Users\DaehwanKim\.stmcufinder\plugins\mcufinder/ => C:\Users\DaehwanKim\.stmcufinder\plugins\mcufinder
2024-06-05 20:03:45,435 [INFO] DbMcusAds:125 - Set database path to: C:\Users\DaehwanKim\.stmcufinder\plugins\mcufinder//mcu/
2024-06-05 20:03:45,435 [WARN] DbFile:41 - Overriding database path with different value: C:\Users\DaehwanKim\.stmcufinder\plugins\mcufinder/ => C:\Users\DaehwanKim\.stmcufinder\plugins\mcufinder
2024-06-05 20:03:45,435 [WARN] DbFile:41 - Overriding database path with different value: C:\Users\DaehwanKim\.stmcufinder\plugins\mcufinder/ => C:\Users\DaehwanKim\.stmcufinder\plugins\mcufinder
2024-06-05 20:03:45,435 [INFO] CrossReferenceDbSqlite:203 - Set database path to: C:\Users\DaehwanKim\.stmcufinder\plugins\mcufinder//mcu/cs/
2024-06-05 20:03:45,502 [INFO] MainPanel:264 - HeapMemory: 268435456
2024-06-05 20:03:45,570 [INFO] DbMcusXml:78 - Set database path to: C:\ST\STM32CubeIDE_1.15.1\STM32CubeIDE\plugins\com.st.stm32cube.common.mx_6.11.1.202404110753\\db\/mcu/
2024-06-05 20:03:45,570 [INFO] ApiDb:274 - Set plugin database path to: C:\ST\STM32CubeIDE_1.15.1\STM32CubeIDE\plugins\com.st.stm32cube.common.mx_6.11.1.202404110753\\db\/plugins/boardmanager/
2024-06-05 20:03:45,570 [INFO] ApiDb:261 - Set plugin images path to: C:\ST\STM32CubeIDE_1.15.1\STM32CubeIDE\plugins\com.st.stm32cube.common.mx_6.11.1.202404110753\\db\/plugins/mcufinder/images/
2024-06-05 20:03:45,570 [WARN] DbFile:41 - Overriding database path with different value: C:\Users\DaehwanKim\.stmcufinder\plugins\mcufinder/ => C:\Users\DaehwanKim\.stmcufinder\plugins\mcufinder
2024-06-05 20:03:45,571 [INFO] ApiDb:250 - Set database path to: C:\Users\DaehwanKim\.stmcufinder\plugins\mcufinder//mcu/
2024-06-05 20:03:45,571 [WARN] DbFile:41 - Overriding database path with different value: C:\Users\DaehwanKim\.stmcufinder\plugins\mcufinder/ => C:\Users\DaehwanKim\.stmcufinder\plugins\mcufinder
2024-06-05 20:03:45,571 [INFO] DbMcusAds:125 - Set database path to: C:\Users\DaehwanKim\.stmcufinder\plugins\mcufinder//mcu/
2024-06-05 20:03:45,571 [WARN] DbFile:41 - Overriding database path with different value: C:\Users\DaehwanKim\.stmcufinder\plugins\mcufinder/ => C:\Users\DaehwanKim\.stmcufinder\plugins\mcufinder
2024-06-05 20:03:45,571 [WARN] DbFile:41 - Overriding database path with different value: C:\Users\DaehwanKim\.stmcufinder\plugins\mcufinder/ => C:\Users\DaehwanKim\.stmcufinder\plugins\mcufinder
2024-06-05 20:03:45,571 [INFO] CrossReferenceDbSqlite:203 - Set database path to: C:\Users\DaehwanKim\.stmcufinder\plugins\mcufinder//mcu/cs/
2024-06-05 20:03:45,586 [INFO] ApplicationProperties:184 - Using Application install path: C:\ST\STM32CubeIDE_1.15.1\STM32CubeIDE\plugins\com.st.stm32cube.common.mx_6.11.1.202404110753
2024-06-05 20:03:45,588 [INFO] PluginManage:196 - Search for loadable plugins [exclusion list=, ]
2024-06-05 20:03:45,589 [INFO] PluginManage:310 - Check plugin analytics
2024-06-05 20:03:45,717 [INFO] AnalyticsPlugin:253 - Accepted Software Licenses: 
2024-06-05 20:03:45,718 [INFO] AnalyticsPlugin:255 - Accepted CMSIS Pack Licenses: STMicroelectronics.X-CUBE-AZRTOS-F4.1.1.0
2024-06-05 20:03:45,718 [INFO] AnalyticsPlugin:257 - Accepted Firmware Licenses: FW.F4.1.28.0
2024-06-05 20:03:45,720 [INFO] PluginManage:359 - Loaded plugin analytics (category:tool,tabindex:-1)
2024-06-05 20:03:45,720 [INFO] PluginManage:310 - Check plugin cadmodel
2024-06-05 20:03:45,735 [INFO] CADModel:105 - Init CAD model plugin
2024-06-05 20:03:45,735 [INFO] PluginManage:359 - Loaded plugin cadmodel (category:power,tabindex:5)
2024-06-05 20:03:45,735 [INFO] PluginManage:310 - Check plugin clock
2024-06-05 20:03:45,752 [INFO] PluginManage:359 - Loaded plugin clock (category:base,tabindex:2)
2024-06-05 20:03:45,752 [INFO] PluginManage:310 - Check plugin ddr
2024-06-05 20:03:45,754 [INFO] PluginManage:359 - Loaded plugin ddr (category:tool,tabindex:6)
2024-06-05 20:03:45,754 [INFO] PluginManage:310 - Check plugin filemanager
2024-06-05 20:03:45,873 [INFO] PluginManage:359 - Loaded plugin filemanager (category:base,tabindex:10)
2024-06-05 20:03:45,873 [INFO] PluginManage:310 - Check plugin ipmanager
2024-06-05 20:03:45,880 [INFO] PluginManage:359 - Loaded plugin ipmanager (category:base,tabindex:5)
2024-06-05 20:03:45,880 [INFO] PluginManage:310 - Check plugin lpbam
2024-06-05 20:03:45,900 [INFO] PluginManage:359 - Loaded plugin lpbam (category:base,tabindex:0)
2024-06-05 20:03:45,900 [INFO] PluginManage:310 - Check plugin memorymap
2024-06-05 20:03:45,920 [INFO] PluginManage:359 - Loaded plugin memorymap (category:base,tabindex:4)
2024-06-05 20:03:45,920 [INFO] PluginManage:310 - Check plugin pinoutandconfiguration
2024-06-05 20:03:45,935 [INFO] PluginManage:359 - Loaded plugin pinoutandconfiguration (category:base,tabindex:1)
2024-06-05 20:03:45,935 [INFO] PluginManage:310 - Check plugin pinoutconfig
2024-06-05 20:03:46,015 [WARN] SupportedApi:132 - Cannot load RTOS API schema: s4s-elt-must-match.1: The content of 'definitions' must match (annotation?, (simpleType | complexType)?, (unique | key | keyref)*)). A problem was found starting at: attribute.
2024-06-05 20:03:46,121 [INFO] PluginManage:359 - Loaded plugin pinoutconfig (category:base,tabindex:0)
2024-06-05 20:03:46,121 [INFO] PluginManage:310 - Check plugin power
2024-06-05 20:03:46,136 [INFO] PluginManage:359 - Loaded plugin power (category:power,tabindex:4)
2024-06-05 20:03:46,137 [INFO] PluginManage:310 - Check plugin projectmanager
2024-06-05 20:03:46,150 [INFO] PluginManage:359 - Loaded plugin projectmanager (category:projectmanager,tabindex:3)
2024-06-05 20:03:46,150 [INFO] PluginManage:310 - Check plugin thirdparty
2024-06-05 20:03:46,350 [INFO] PluginManage:359 - Loaded plugin thirdparty (category:base,tabindex:-1)
2024-06-05 20:03:46,350 [WARN] IntegrityCheckThread:84 - waiting for thirdparty lock release [integrity check]
2024-06-05 20:03:46,350 [INFO] PluginManage:310 - Check plugin tools
2024-06-05 20:03:46,350 [INFO] IntegrityCheckThread:86 - entering critical section [integrity check]
2024-06-05 20:03:46,350 [INFO] ThirdPartyUpdaterWithRetryManager:70 - Updater plugin not ready yet. [1/15]
2024-06-05 20:03:46,379 [INFO] PluginManage:359 - Loaded plugin tools (category:base,tabindex:7)
2024-06-05 20:03:46,379 [INFO] PluginManage:310 - Check plugin tutovideos
2024-06-05 20:03:46,543 [INFO] PluginManage:359 - Loaded plugin tutovideos (category:base,tabindex:-1)
2024-06-05 20:03:46,543 [INFO] PluginManage:310 - Check plugin updater
2024-06-05 20:03:46,552 [INFO] PluginManage:359 - Loaded plugin updater (category:base,tabindex:12)
2024-06-05 20:03:46,553 [INFO] PluginManage:310 - Check plugin userauth
2024-06-05 20:03:46,558 [INFO] UserAuth:114 - Init User Auth plugin
2024-06-05 20:03:46,558 [INFO] PluginManage:359 - Loaded plugin userauth (category:base,tabindex:14)
2024-06-05 20:03:46,559 [INFO] PluginManage:283 - PluginManage : Loaded plugins [17]
2024-06-05 20:03:46,741 [INFO] PinOutPanel:1561 - setPackage(No Configuration,No Configuration)
2024-06-05 20:03:46,808 [INFO] CADModel:165 - CPN selected for project level
2024-06-05 20:03:46,808 [INFO] CADModel:114 - Register for checkConnection events
2024-06-05 20:03:46,829 [INFO] IPUIPlugin:80 - create IPUIPlugin
2024-06-05 20:03:46,829 [INFO] PluginManager:220 - loadIPPluginJar : add adc
2024-06-05 20:03:46,857 [INFO] IPUIPlugin:80 - create IPUIPlugin
2024-06-05 20:03:46,857 [INFO] PluginManager:220 - loadIPPluginJar : add aes
2024-06-05 20:03:46,889 [INFO] IPUIPlugin:80 - create IPUIPlugin
2024-06-05 20:03:46,889 [INFO] PluginManager:220 - loadIPPluginJar : add can
2024-06-05 20:03:46,907 [INFO] IPUIPlugin:80 - create IPUIPlugin
2024-06-05 20:03:46,907 [INFO] PluginManager:220 - loadIPPluginJar : add comp
2024-06-05 20:03:46,931 [INFO] IPUIPlugin:80 - create IPUIPlugin
2024-06-05 20:03:46,932 [INFO] PluginManager:220 - loadIPPluginJar : add cryp
2024-06-05 20:03:46,954 [INFO] IPUIPlugin:80 - create IPUIPlugin
2024-06-05 20:03:46,954 [INFO] PluginManager:220 - loadIPPluginJar : add dfsdm
2024-06-05 20:03:46,965 [INFO] IPUIPlugin:80 - create IPUIPlugin
2024-06-05 20:03:46,965 [INFO] PluginManager:220 - loadIPPluginJar : add dma
2024-06-05 20:03:46,998 [INFO] IPUIPlugin:80 - create IPUIPlugin
2024-06-05 20:03:46,998 [INFO] PluginManager:220 - loadIPPluginJar : add dma3
2024-06-05 20:03:47,033 [INFO] IPUIPlugin:80 - create IPUIPlugin
2024-06-05 20:03:47,033 [INFO] PluginManager:220 - loadIPPluginJar : add extmemmanager
2024-06-05 20:03:47,050 [INFO] IPUIPlugin:80 - create IPUIPlugin
2024-06-05 20:03:47,050 [INFO] PluginManager:220 - loadIPPluginJar : add fatfs
2024-06-05 20:03:47,091 [INFO] IPUIPlugin:80 - create IPUIPlugin
2024-06-05 20:03:47,091 [INFO] PluginManager:220 - loadIPPluginJar : add fmc
2024-06-05 20:03:47,103 [INFO] IPUIPlugin:80 - create IPUIPlugin
2024-06-05 20:03:47,103 [INFO] PluginManager:220 - loadIPPluginJar : add freertos
2024-06-05 20:03:47,119 [INFO] IPUIPlugin:80 - create IPUIPlugin
2024-06-05 20:03:47,119 [INFO] PluginManager:220 - loadIPPluginJar : add genericplugin
2024-06-05 20:03:47,194 [INFO] IPUIPlugin:80 - create IPUIPlugin
2024-06-05 20:03:47,195 [INFO] PluginManager:220 - loadIPPluginJar : add gfxmmu
2024-06-05 20:03:47,297 [INFO] IPUIPlugin:80 - create IPUIPlugin
2024-06-05 20:03:47,297 [INFO] PluginManager:220 - loadIPPluginJar : add gic
2024-06-05 20:03:47,307 [INFO] IPUIPlugin:80 - create IPUIPlugin
2024-06-05 20:03:47,307 [INFO] PluginManager:220 - loadIPPluginJar : add gpio
2024-06-05 20:03:47,379 [INFO] IPUIPlugin:80 - create IPUIPlugin
2024-06-05 20:03:47,379 [INFO] PluginManager:220 - loadIPPluginJar : add gtzc
2024-06-05 20:03:47,405 [INFO] IPUIPlugin:80 - create IPUIPlugin
2024-06-05 20:03:47,405 [INFO] PluginManager:220 - loadIPPluginJar : add hash
2024-06-05 20:03:47,445 [INFO] IPUIPlugin:80 - create IPUIPlugin
2024-06-05 20:03:47,445 [INFO] PluginManager:220 - loadIPPluginJar : add i2c
2024-06-05 20:03:47,475 [INFO] IPUIPlugin:80 - create IPUIPlugin
2024-06-05 20:03:47,475 [INFO] PluginManager:220 - loadIPPluginJar : add i2s
2024-06-05 20:03:47,507 [INFO] IPUIPlugin:80 - create IPUIPlugin
2024-06-05 20:03:47,507 [INFO] PluginManager:220 - loadIPPluginJar : add i3c
2024-06-05 20:03:47,595 [INFO] IPUIPlugin:80 - create IPUIPlugin
2024-06-05 20:03:47,595 [INFO] PluginManager:220 - loadIPPluginJar : add ipddr
2024-06-05 20:03:47,673 [INFO] IPUIPlugin:80 - create IPUIPlugin
2024-06-05 20:03:47,673 [INFO] PluginManager:220 - loadIPPluginJar : add linkedlist
2024-06-05 20:03:47,701 [INFO] IPUIPlugin:80 - create IPUIPlugin
2024-06-05 20:03:47,701 [INFO] PluginManager:220 - loadIPPluginJar : add lorawan
2024-06-05 20:03:47,729 [INFO] IPUIPlugin:80 - create IPUIPlugin
2024-06-05 20:03:47,729 [INFO] PluginManager:220 - loadIPPluginJar : add ltdc
2024-06-05 20:03:47,741 [INFO] IPUIPlugin:80 - create IPUIPlugin
2024-06-05 20:03:47,741 [INFO] PluginManager:220 - loadIPPluginJar : add mdma
2024-06-05 20:03:47,750 [INFO] IPUIPlugin:80 - create IPUIPlugin
2024-06-05 20:03:47,751 [INFO] PluginManager:220 - loadIPPluginJar : add nvic
2024-06-05 20:03:47,779 [INFO] IPUIPlugin:80 - create IPUIPlugin
2024-06-05 20:03:47,779 [INFO] PluginManager:220 - loadIPPluginJar : add opamp
2024-06-05 20:03:47,829 [INFO] IPUIPlugin:80 - create IPUIPlugin
2024-06-05 20:03:47,829 [INFO] PluginManager:220 - loadIPPluginJar : add openamp
2024-06-05 20:03:47,865 [INFO] IPUIPlugin:80 - create IPUIPlugin
2024-06-05 20:03:47,865 [INFO] PluginManager:220 - loadIPPluginJar : add pdm2pcm
2024-06-05 20:03:47,877 [INFO] IPUIPlugin:80 - create IPUIPlugin
2024-06-05 20:03:47,878 [INFO] PluginManager:220 - loadIPPluginJar : add plateformsettings
2024-06-05 20:03:47,896 [INFO] IPUIPlugin:80 - create IPUIPlugin
2024-06-05 20:03:47,896 [INFO] PluginManager:220 - loadIPPluginJar : add quadspi
2024-06-05 20:03:47,906 [INFO] IPUIPlugin:80 - create IPUIPlugin
2024-06-05 20:03:47,906 [INFO] PluginManager:220 - loadIPPluginJar : add resmgrutility
2024-06-05 20:03:47,942 [INFO] IPUIPlugin:80 - create IPUIPlugin
2024-06-05 20:03:47,943 [INFO] PluginManager:220 - loadIPPluginJar : add sai
2024-06-05 20:03:47,969 [INFO] IPUIPlugin:80 - create IPUIPlugin
2024-06-05 20:03:47,969 [INFO] PluginManager:220 - loadIPPluginJar : add spi
2024-06-05 20:03:48,021 [INFO] IPUIPlugin:80 - create IPUIPlugin
2024-06-05 20:03:48,021 [INFO] PluginManager:220 - loadIPPluginJar : add stm32_wpan
2024-06-05 20:03:48,039 [INFO] IPUIPlugin:80 - create IPUIPlugin
2024-06-05 20:03:48,039 [INFO] PluginManager:220 - loadIPPluginJar : add tim
2024-06-05 20:03:48,087 [INFO] IPUIPlugin:80 - create IPUIPlugin
2024-06-05 20:03:48,087 [INFO] PluginManager:220 - loadIPPluginJar : add touchsensing
2024-06-05 20:03:48,107 [INFO] IPUIPlugin:80 - create IPUIPlugin
2024-06-05 20:03:48,107 [INFO] PluginManager:220 - loadIPPluginJar : add tracer_emb
2024-06-05 20:03:48,127 [INFO] IPUIPlugin:80 - create IPUIPlugin
2024-06-05 20:03:48,127 [INFO] PluginManager:220 - loadIPPluginJar : add ts
2024-06-05 20:03:48,145 [INFO] IPUIPlugin:80 - create IPUIPlugin
2024-06-05 20:03:48,145 [INFO] PluginManager:220 - loadIPPluginJar : add tsc
2024-06-05 20:03:48,163 [INFO] IPUIPlugin:80 - create IPUIPlugin
2024-06-05 20:03:48,163 [INFO] PluginManager:220 - loadIPPluginJar : add ucpd
2024-06-05 20:03:48,197 [INFO] IPUIPlugin:80 - create IPUIPlugin
2024-06-05 20:03:48,197 [INFO] PluginManager:220 - loadIPPluginJar : add usart
2024-06-05 20:03:48,231 [INFO] IPUIPlugin:80 - create IPUIPlugin
2024-06-05 20:03:48,231 [INFO] PluginManager:220 - loadIPPluginJar : add usbx
2024-06-05 20:03:48,351 [INFO] CADModel:165 - CPN selected for project level
2024-06-05 20:03:48,351 [INFO] CADModel:114 - Register for checkConnection events
2024-06-05 20:03:48,352 [FATAL] Updater:308 - Updater called before beeing initialized
2024-06-05 20:03:48,352 [ERROR] CADModel:125 - Updater not yet initialized, retry later 
2024-06-05 20:03:48,464 [INFO] CADModel:165 - CPN selected for project level
2024-06-05 20:03:48,464 [INFO] CADModel:114 - Register for checkConnection events
2024-06-05 20:03:48,464 [FATAL] Updater:308 - Updater called before beeing initialized
2024-06-05 20:03:48,464 [ERROR] CADModel:125 - Updater not yet initialized, retry later 
2024-06-05 20:03:48,467 [FATAL] Updater:308 - Updater called before beeing initialized
2024-06-05 20:03:48,553 [FATAL] Updater:308 - Updater called before beeing initialized
2024-06-05 20:03:48,561 [INFO] DbMcusAds:53 - JSON generation date=Thu May 16 02:22:01 PDT 2024 (1715851321109)
2024-06-05 20:03:48,561 [FATAL] Updater:308 - Updater called before beeing initialized
2024-06-05 20:03:48,629 [WARN] DetailPanel:346 - Failed to get advertising image, set to default
2024-06-05 20:03:48,723 [FATAL] Updater:308 - Updater called before beeing initialized
2024-06-05 20:03:48,725 [FATAL] Updater:308 - Updater called before beeing initialized
2024-06-05 20:03:48,725 [FATAL] Updater:308 - Updater called before beeing initialized
2024-06-05 20:03:48,725 [WARN] DetailPanel:346 - Failed to get advertising image, set to default
2024-06-05 20:03:48,726 [FATAL] Updater:308 - Updater called before beeing initialized
2024-06-05 20:03:48,772 [ERROR] Updater:1120 - MainUpdater not yet initialized. External WinMGr cannot be set.
2024-06-05 20:03:48,781 [INFO] Updater:1056 - Updater Version found : 6.11.1
2024-06-05 20:03:48,795 [INFO] ApplicationProperties:184 - Using Application install path: C:\ST\STM32CubeIDE_1.15.1\STM32CubeIDE\plugins\com.st.stm32cube.common.mx_6.11.1.202404110753
2024-06-05 20:03:49,352 [INFO] ThirdPartyUpdaterWithRetryManager:70 - Updater plugin not ready yet. [2/15]
2024-06-05 20:03:50,365 [ERROR] LogOutputStream:75 - [STDERR_REDIRECT] Jun 05, 2024 8:03:50 PM java.util.prefs.WindowsPreferences <init>
2024-06-05 20:03:50,366 [ERROR] LogOutputStream:75 - [STDERR_REDIRECT] WARNING: Could not open/create prefs root node Software\JavaSoft\Prefs at root 0xffffffff80000002. Windows RegCreateKeyEx(...) returned error code 5.
2024-06-05 20:03:50,366 [ERROR] LogOutputStream:75 - [STDERR_REDIRECT] 
2024-06-05 20:03:50,598 [INFO] MainUpdater:2873 - connection check result : 10
2024-06-05 20:03:50,598 [INFO] MainUpdater:3567 - Updater definition file requires update
2024-06-05 20:03:50,599 [INFO] MainUpdater:290 - Updater Check For Update Now.
2024-06-05 20:03:50,599 [INFO] MicroXplorer:498 - Change Database Version : DB.6.0.111
2024-06-05 20:03:50,612 [INFO] McuFinderGlobals:63 - Set McuFinder mode to 2 (CubeIDE integrated)
2024-06-05 20:03:50,621 [INFO] UserAuth:415 - Internet connection configuration mode: 1
2024-06-05 20:03:50,637 [INFO] JxBrowserEngine:152 - Initiate JxBrowser Engine with user profile folder
2024-06-05 20:03:50,679 [INFO] ServerAccessManage:473 - Download File updaters.zip
2024-06-05 20:03:50,749 [INFO] FileExtend:240 - Unzip File : updaters.zip
2024-06-05 20:03:50,749 [INFO] FileExtend:255 - Standard Zip Deflate
2024-06-05 20:03:51,189 [INFO] ServerAccessManage:473 - Download File PacksControlFlags.xml
2024-06-05 20:03:51,268 [INFO] ServerAccessManage:473 - Download File cubemx.pidx
2024-06-05 20:03:52,352 [WARN] MainUpdater:1194 - Updater busy. Cannot search thirdparties
2024-06-05 20:03:52,352 [INFO] ThirdPartyUpdaterWithRetryManager:96 - Updater plugin is busy. [1/15]
2024-06-05 20:03:52,797 [INFO] ServerAccessManage:473 - Download File wolfSSL.I-CUBE-wolfMQTT.pdsc
2024-06-05 20:03:53,901 [ERROR] ServerAccessManage:1089 - Problem, file not found on Server
2024-06-05 20:03:54,059 [WARN] PackLoader:240 - Cannot read IP mode file for wolfSSL.I-CUBE-wolfMQTT.1.19.0
2024-06-05 20:03:54,060 [INFO] PopulateThirdPartyThread:66 - Ending populate Thread
2024-06-05 20:03:54,061 [INFO] ThirdParty:1030 - CMSIS Pack Vendor :wolfSSL I-CUBE-wolfMQTT 1.19.0
2024-06-05 20:03:54,061 [INFO] LoadServerUpdatesThread:375 - End of LoadServerUpdate Thread
2024-06-05 20:03:54,191 [INFO] CheckServerUpdateThread:120 - End of CheckServer Thread
2024-06-05 20:03:54,915 [INFO] WebApp:161 - Instantiating new browser for Auth
2024-06-05 20:03:55,389 [INFO] WebApp:779 - Register for checkConnection events
2024-06-05 20:03:55,389 [INFO] WebApp:414 - Apply proxy settings
2024-06-05 20:03:55,389 [INFO] WebApp:499 - Chromium requires no authentication
2024-06-05 20:03:55,397 [INFO] WebApp:442 - Direct internet connection detected
2024-06-05 20:03:55,548 [WARN] PackLoader:240 - Cannot read IP mode file for STMicroelectronics.FP-SNS-MOTENVWB1.1.4.0
2024-06-05 20:03:55,563 [WARN] PackLoader:240 - Cannot read IP mode file for STMicroelectronics.X-CUBE-SMBUS.2.1.0
2024-06-05 20:03:55,575 [WARN] PackLoader:240 - Cannot read IP mode file for STMicroelectronics.X-CUBE-TOUCHGFX.4.23.0
2024-06-05 20:03:55,587 [WARN] PackLoader:240 - Cannot read IP mode file for STMicroelectronics.X-CUBE-TOUCHGFX.4.23.2
2024-06-05 20:03:55,597 [INFO] WebApp:192 - Starting web application
2024-06-05 20:03:55,597 [INFO] WebApp:544 - Web application path used C:\ST\STM32CubeIDE_1.15.1\STM32CubeIDE\plugins\com.st.stm32cube.common.mx_6.11.1.202404110753\db\plugins\mcufinder\reactClient1\index.html
2024-06-05 20:03:55,625 [WARN] PackLoader:240 - Cannot read IP mode file for STMicroelectronics.X-CUBE-AZRTOS-F7.1.1.0
2024-06-05 20:03:55,643 [WARN] PackLoader:240 - Cannot read IP mode file for STMicroelectronics.FP-SNS-MOTENV1.4.3.2
2024-06-05 20:03:55,651 [WARN] PackLoader:240 - Cannot read IP mode file for STMicroelectronics.FP-SNS-FLIGHT1.5.0.2
2024-06-05 20:03:55,670 [WARN] PackLoader:240 - Cannot read IP mode file for STMicroelectronics.X-CUBE-DISPLAY.3.0.0
2024-06-05 20:03:55,690 [WARN] PackLoader:240 - Cannot read IP mode file for STMicroelectronics.X-CUBE-BLE1.7.0.0
2024-06-05 20:03:55,705 [WARN] PackLoader:240 - Cannot read IP mode file for emotas.I-CUBE-CANOPEN.1.3.0
2024-06-05 20:03:55,719 [WARN] PackLoader:240 - Cannot read IP mode file for STMicroelectronics.X-CUBE-TOUCHGFX.4.22.0
2024-06-05 20:03:55,739 [WARN] PackLoader:240 - Cannot read IP mode file for STMicroelectronics.X-CUBE-BLEMGR.3.1.0
2024-06-05 20:03:55,756 [WARN] PackLoader:240 - Cannot read IP mode file for STMicroelectronics.FP-SNS-SMARTAG2.1.2.0
2024-06-05 20:03:55,775 [INFO] LogOutputStream:77 - [STDOUT_REDIRECT] 1 : Invalid condition id : UX_CORESTACK_Condition cause : null
2024-06-05 20:03:55,775 [INFO] LogOutputStream:77 - [STDOUT_REDIRECT] 1 : Invalid condition id : UX_CORESTACK_Condition cause : null
2024-06-05 20:03:55,776 [INFO] LogOutputStream:77 - [STDOUT_REDIRECT] 1 : Invalid condition id : UX_CORESTACK_Condition cause : null
2024-06-05 20:03:55,777 [INFO] LogOutputStream:77 - [STDOUT_REDIRECT] 1 : Invalid condition id : UX_CORESTACK_Condition cause : null
2024-06-05 20:03:55,778 [INFO] LogOutputStream:77 - [STDOUT_REDIRECT] 1 : Invalid condition id : UX_CORESTACK_Condition cause : null
2024-06-05 20:03:55,780 [WARN] PackLoader:240 - Cannot read IP mode file for STMicroelectronics.X-CUBE-AZRTOS-WL.2.0.0
2024-06-05 20:03:55,793 [WARN] PackLoader:240 - Cannot read IP mode file for STMicroelectronics.FP-SNS-MOTENV1.5.0.0
2024-06-05 20:03:55,798 [WARN] PackLoader:240 - Cannot read IP mode file for wolfSSL.I-CUBE-wolfMQTT.1.19.0
2024-06-05 20:03:55,819 [WARN] PackLoader:240 - Cannot read IP mode file for WES.I-CUBE-Cesium.1.3.0
2024-06-05 20:03:55,834 [WARN] PackLoader:240 - Cannot read IP mode file for STMicroelectronics.X-CUBE-BLE2.3.3.0
2024-06-05 20:03:55,850 [WARN] PackLoader:240 - Cannot read IP mode file for STMicroelectronics.X-CUBE-TCPP.4.1.0
2024-06-05 20:03:55,866 [WARN] PackLoader:240 - Cannot read IP mode file for STMicroelectronics.X-CUBE-ALGOBUILD.1.3.0
2024-06-05 20:03:55,898 [WARN] PackLoader:240 - Cannot read IP mode file for STMicroelectronics.X-CUBE-AZRTOS-G0.1.1.0
2024-06-05 20:03:55,915 [WARN] PackLoader:240 - Cannot read IP mode file for STMicroelectronics.X-CUBE-SAFEA1.1.2.2
2024-06-05 20:03:55,932 [WARN] PackLoader:240 - Cannot read IP mode file for STMicroelectronics.X-CUBE-NFC4.3.0.0
2024-06-05 20:03:55,940 [WARN] PackLoader:240 - Cannot read IP mode file for STMicroelectronics.FP-ATR-SIGFOX1.3.2.0
2024-06-05 20:03:55,954 [WARN] PackLoader:240 - Cannot read IP mode file for STMicroelectronics.X-CUBE-EEPRMA1.5.1.0
2024-06-05 20:03:55,998 [WARN] PackLoader:240 - Cannot read IP mode file for SEGGER.I-CUBE-embOS.1.3.1
2024-06-05 20:03:56,061 [WARN] PackLoader:240 - Cannot read IP mode file for STMicroelectronics.X-CUBE-ALGOBUILD.1.4.0
2024-06-05 20:03:56,079 [WARN] PackLoader:240 - Cannot read IP mode file for STMicroelectronics.X-CUBE-GNSS1.6.0.0
2024-06-05 20:03:56,114 [WARN] PackLoader:240 - Cannot read IP mode file for STMicroelectronics.X-CUBE-AZRTOS-F4.1.1.0
2024-06-05 20:03:56,312 [WARN] PackLoader:240 - Cannot read IP mode file for wolfSSL.I-CUBE-wolfSSL.5.6.3
2024-06-05 20:03:56,328 [WARN] PackLoader:240 - Cannot read IP mode file for STMicroelectronics.X-CUBE-FREERTOS.1.2.0
2024-06-05 20:03:56,363 [WARN] PackLoader:240 - Cannot read IP mode file for STMicroelectronics.X-CUBE-AZRTOS-L5.2.0.0
2024-06-05 20:03:56,421 [WARN] PackLoader:240 - Cannot read IP mode file for STMicroelectronics.X-CUBE-MEMS1.9.6.0
2024-06-05 20:03:56,557 [WARN] PackLoader:240 - Cannot read IP mode file for STMicroelectronics.X-CUBE-NFC6.3.1.0
2024-06-05 20:03:56,577 [WARN] PackLoader:240 - Cannot read IP mode file for ITTIA_DB.I-CUBE-ITTIADB.8.8.0
2024-06-05 20:03:56,596 [WARN] PackLoader:240 - Cannot read IP mode file for STMicroelectronics.X-CUBE-BLEMGR.2.0.0
2024-06-05 20:03:56,614 [WARN] PackLoader:240 - Cannot read IP mode file for STMicroelectronics.X-CUBE-AI.9.0.0
2024-06-05 20:03:56,647 [WARN] ConditionMgr:438 - getConditionDescription Invalid condition id : UX DEVICE CLASS RTOS Condition cause : null
2024-06-05 20:03:56,648 [WARN] ConditionMgr:438 - getConditionDescription Invalid condition id : UX DEVICE CLASS RTOS Condition cause : null
2024-06-05 20:03:56,651 [WARN] PackLoader:240 - Cannot read IP mode file for STMicroelectronics.X-CUBE-AZRTOS-H7.3.1.0
2024-06-05 20:03:56,652 [WARN] ConditionMgr:1039 - genDependencies : Invalid condition id : UX DEVICE CLASS RTOS Condition cause : null
2024-06-05 20:03:56,653 [WARN] ConditionMgr:1039 - genDependencies : Invalid condition id : UX DEVICE CLASS RTOS Condition cause : null
2024-06-05 20:03:56,653 [WARN] ConditionMgr:1039 - genDependencies : Invalid condition id : UX DEVICE CLASS RTOS Condition cause : null
2024-06-05 20:03:56,654 [WARN] ConditionMgr:1039 - genDependencies : Invalid condition id : UX DEVICE CLASS RTOS Condition cause : null
2024-06-05 20:03:56,654 [WARN] ConditionMgr:1039 - genDependencies : Invalid condition id : UX DEVICE CLASS RTOS Condition cause : null
2024-06-05 20:03:56,671 [WARN] PackLoader:240 - Cannot read IP mode file for STMicroelectronics.X-CUBE-NFC7.1.0.1
2024-06-05 20:03:56,687 [WARN] PackLoader:240 - Cannot read IP mode file for STMicroelectronics.X-CUBE-NFC6.3.0.0
2024-06-05 20:03:56,704 [WARN] PackLoader:240 - Cannot read IP mode file for STMicroelectronics.X-CUBE-EEPRMA1.4.1.0
2024-06-05 20:03:56,718 [WARN] PackLoader:240 - Cannot read IP mode file for STMicroelectronics.X-CUBE-AI.8.1.0
2024-06-05 20:03:56,747 [WARN] ConditionMgr:438 - getConditionDescription Invalid condition id : LAN8742 Phy interface Condition cause : null
2024-06-05 20:03:56,748 [WARN] PackLoader:240 - Cannot read IP mode file for STMicroelectronics.X-CUBE-AZRTOS-L4.2.0.0
2024-06-05 20:03:56,749 [WARN] ConditionMgr:1039 - genDependencies : Invalid condition id : LAN8742 Phy interface Condition cause : null
2024-06-05 20:03:56,749 [WARN] ConditionMgr:1039 - genDependencies : Invalid condition id : LAN8742 Phy interface Condition cause : null
2024-06-05 20:03:56,750 [WARN] ConditionMgr:1039 - genDependencies : Invalid condition id : LAN8742 Phy interface Condition cause : null
2024-06-05 20:03:56,768 [WARN] PackLoader:240 - Cannot read IP mode file for STMicroelectronics.X-CUBE-SFXS2LP1.4.0.0
2024-06-05 20:03:56,784 [WARN] PackLoader:240 - Cannot read IP mode file for STMicroelectronics.X-CUBE-ISPU.1.1.0
2024-06-05 20:03:56,811 [WARN] ConditionMgr:438 - getConditionDescription Invalid condition id : UX DEVICE CLASS RTOS Condition cause : null
2024-06-05 20:03:56,811 [WARN] ConditionMgr:438 - getConditionDescription Invalid condition id : UX DEVICE CLASS RTOS Condition cause : null
2024-06-05 20:03:56,813 [WARN] PackLoader:240 - Cannot read IP mode file for STMicroelectronics.X-CUBE-AZRTOS-WB.2.0.0
2024-06-05 20:03:56,813 [WARN] ConditionMgr:1039 - genDependencies : Invalid condition id : UX DEVICE CLASS RTOS Condition cause : null
2024-06-05 20:03:56,814 [WARN] ConditionMgr:1039 - genDependencies : Invalid condition id : UX DEVICE CLASS RTOS Condition cause : null
2024-06-05 20:03:56,814 [WARN] ConditionMgr:1039 - genDependencies : Invalid condition id : UX DEVICE CLASS RTOS Condition cause : null
2024-06-05 20:03:56,814 [WARN] ConditionMgr:1039 - genDependencies : Invalid condition id : UX DEVICE CLASS RTOS Condition cause : null
2024-06-05 20:03:56,814 [WARN] ConditionMgr:1039 - genDependencies : Invalid condition id : UX DEVICE CLASS RTOS Condition cause : null
2024-06-05 20:03:56,835 [WARN] PackLoader:240 - Cannot read IP mode file for STMicroelectronics.X-CUBE-SUBG2.5.0.0
2024-06-05 20:03:56,845 [WARN] PackLoader:240 - Cannot read IP mode file for Cesanta.I-CUBE-Mongoose.7.13.0
2024-06-05 20:03:56,864 [WARN] PackLoader:240 - Cannot read IP mode file for STMicroelectronics.X-CUBE-TOF1.3.3.1
2024-06-05 20:03:56,898 [WARN] PackLoader:240 - Cannot read IP mode file for STMicroelectronics.X-CUBE-AZRTOS-G4.2.0.0
2024-06-05 20:03:56,923 [WARN] PackLoader:240 - Cannot read IP mode file for Infineon.AIROC-Wi-Fi-Bluetooth-STM32.1.5.1
2024-06-05 20:03:56,937 [WARN] PackLoader:240 - Cannot read IP mode file for STMicroelectronics.FP-SNS-MOTENVWB1.1.3.1
2024-06-05 20:03:56,950 [WARN] PackLoader:240 - Cannot read IP mode file for STMicroelectronics.X-CUBE-ISPU.2.0.0
2024-06-05 20:03:56,963 [WARN] PackLoader:240 - Cannot read IP mode file for STMicroelectronics.X-CUBE-ALS.1.0.2
2024-06-05 20:03:57,006 [WARN] PackLoader:240 - Cannot read IP mode file for STMicroelectronics.X-CUBE-MEMS1.10.0.0
2024-06-05 20:03:57,111 [WARN] PackLoader:240 - Cannot read IP mode file for STMicroelectronics.X-CUBE-FREERTOS.1.1.0
2024-06-05 20:03:57,127 [WARN] PackLoader:240 - Cannot read IP mode file for portGmbH.I-Cube-SoM-uGOAL.1.1.0
2024-06-05 20:03:57,143 [WARN] PackLoader:240 - Cannot read IP mode file for STMicroelectronics.X-CUBE-ALS.1.0.1
2024-06-05 20:03:57,169 [WARN] PackLoader:240 - Cannot read IP mode file for STMicroelectronics.X-CUBE-AZRTOS-H7RS.1.0.0
2024-06-05 20:03:57,176 [WARN] PackLoader:240 - Cannot read IP mode file for STMicroelectronics.FP-ATR-ASTRA1.2.0.0
2024-06-05 20:03:57,197 [WARN] PackLoader:240 - Cannot read IP mode file for STMicroelectronics.X-CUBE-TOF1.3.4.1
2024-06-05 20:03:57,236 [WARN] PackLoader:240 - Cannot read IP mode file for STMicroelectronics.X-CUBE-AZRTOS-H7.3.2.0
2024-06-05 20:03:57,239 [INFO] ThirdParty:978 - Integrity check success = true
2024-06-05 20:03:57,239 [INFO] IntegrityCheckThread:100 - exiting critical section [integrity check]
2024-06-05 20:03:57,239 [INFO] IntegrityCheckThread:103 - End integrity checks thread
2024-06-05 20:50:35,626 [ERROR] ConfigurationRetriever:142 - IOException on connection: sw-center.st.com
2024-06-05 20:50:35,629 [ERROR] ConfigurationRetriever:142 - IOException on connection: sw-center.st.com
2024-06-05 20:50:35,629 [ERROR] ConfigurationRetriever:142 - IOException on connection: sw-center.st.com
2024-06-05 20:50:36,798 [ERROR] LogOutputStream:75 - [STDERR_REDIRECT] 
2024-06-05 20:50:36,799 [ERROR] LogOutputStream:75 - [STDERR_REDIRECT] 
